2016-01-17 23:56:28 [220.181.42.195][-][-][warning][yii\debug\Module::checkAccess] Access to debugger is denied due to IP address restriction. The requesting IP address is 220.181.42.195
    in /www/yii2/views/layouts/main.php:70
    in /www/yii2/controllers/SiteController.php:52
2016-01-17 23:56:27 [220.181.42.195][-][-][info][application] $_SERVER = [
    'USER' => 'www'
    'HOME' => '/home/www'
    'FCGI_ROLE' => 'RESPONDER'
    'SCRIPT_FILENAME' => '/www/yii2/web/index.php'
    'QUERY_STRING' => ''
    'REQUEST_METHOD' => 'GET'
    'CONTENT_TYPE' => ''
    'CONTENT_LENGTH' => ''
    'SCRIPT_NAME' => '/index.php'
    'REQUEST_URI' => '/'
    'DOCUMENT_URI' => '/index.php'
    'DOCUMENT_ROOT' => '/www/yii2/web'
    'SERVER_PROTOCOL' => 'HTTP/1.1'
    'GATEWAY_INTERFACE' => 'CGI/1.1'
    'SERVER_SOFTWARE' => 'nginx/1.4.6'
    'REMOTE_ADDR' => '220.181.42.195'
    'REMOTE_PORT' => '57152'
    'SERVER_ADDR' => '182.92.66.199'
    'SERVER_PORT' => '80'
    'SERVER_NAME' => 'myyii'
    'REDIRECT_STATUS' => '200'
    'HTTP_HOST' => 'myyii'
    'HTTP_CONNECTION' => 'keep-alive'
    'HTTP_CACHE_CONTROL' => 'max-age=0'
    'HTTP_ACCEPT' => 'text/html,application/xhtml+xml,application/xml;q=0.9,image/webp,*/*;q=0.8'
    'HTTP_UPGRADE_INSECURE_REQUESTS' => '1'
    'HTTP_USER_AGENT' => 'Mozilla/5.0 (Windows NT 6.1; WOW64) AppleWebKit/537.36 (KHTML, like Gecko) Chrome/46.0.2490.86 Safari/537.36'
    'HTTP_ACCEPT_ENCODING' => 'gzip, deflate, sdch'
    'HTTP_ACCEPT_LANGUAGE' => 'zh-CN,zh;q=0.8'
    'PHP_SELF' => '/index.php'
    'REQUEST_TIME_FLOAT' => 1453074987.8764
    'REQUEST_TIME' => 1453074987
]
2016-01-17 23:58:32 [220.181.42.195][-][-][warning][yii\debug\Module::checkAccess] Access to debugger is denied due to IP address restriction. The requesting IP address is 220.181.42.195
    in /www/yii2/views/layouts/main.php:70
    in /www/yii2/controllers/SiteController.php:92
2016-01-17 23:58:32 [220.181.42.195][-][-][info][application] $_GET = [
    'r' => 'site/about'
]

$_COOKIE = [
    '_csrf' => '9b6950764736bfa1de8e1b5d61ead95672e91cedbaecb613dc5524ae6731d54ba:2:{i:0;s:5:\"_csrf\";i:1;s:32:\"urpiIFScduuolYDetwNgIgyTkB6KKW03\";}'
    'PHPSESSID' => '5bj3pniqikrohkejdued548b00'
]

$_SESSION = [
    '__flash' => []
]

$_SERVER = [
    'USER' => 'www'
    'HOME' => '/home/www'
    'FCGI_ROLE' => 'RESPONDER'
    'SCRIPT_FILENAME' => '/www/yii2/web/index.php'
    'QUERY_STRING' => 'r=site%2Fabout'
    'REQUEST_METHOD' => 'GET'
    'CONTENT_TYPE' => ''
    'CONTENT_LENGTH' => ''
    'SCRIPT_NAME' => '/index.php'
    'REQUEST_URI' => '/index.php?r=site%2Fabout'
    'DOCUMENT_URI' => '/index.php'
    'DOCUMENT_ROOT' => '/www/yii2/web'
    'SERVER_PROTOCOL' => 'HTTP/1.1'
    'GATEWAY_INTERFACE' => 'CGI/1.1'
    'SERVER_SOFTWARE' => 'nginx/1.4.6'
    'REMOTE_ADDR' => '220.181.42.195'
    'REMOTE_PORT' => '62550'
    'SERVER_ADDR' => '182.92.66.199'
    'SERVER_PORT' => '80'
    'SERVER_NAME' => 'myyii'
    'REDIRECT_STATUS' => '200'
    'HTTP_HOST' => 'myyii'
    'HTTP_CONNECTION' => 'keep-alive'
    'HTTP_ACCEPT' => 'text/html,application/xhtml+xml,application/xml;q=0.9,image/webp,*/*;q=0.8'
    'HTTP_UPGRADE_INSECURE_REQUESTS' => '1'
    'HTTP_USER_AGENT' => 'Mozilla/5.0 (Windows NT 6.1; WOW64) AppleWebKit/537.36 (KHTML, like Gecko) Chrome/46.0.2490.86 Safari/537.36'
    'HTTP_REFERER' => 'http://myyii/'
    'HTTP_ACCEPT_ENCODING' => 'gzip, deflate, sdch'
    'HTTP_ACCEPT_LANGUAGE' => 'zh-CN,zh;q=0.8'
    'HTTP_COOKIE' => '_csrf=9b6950764736bfa1de8e1b5d61ead95672e91cedbaecb613dc5524ae6731d54ba%3A2%3A%7Bi%3A0%3Bs%3A5%3A%22_csrf%22%3Bi%3A1%3Bs%3A32%3A%22urpiIFScduuolYDetwNgIgyTkB6KKW03%22%3B%7D; PHPSESSID=5bj3pniqikrohkejdued548b00'
    'PHP_SELF' => '/index.php'
    'REQUEST_TIME_FLOAT' => 1453075112.5085
    'REQUEST_TIME' => 1453075112
]
2016-01-17 23:59:19 [220.181.42.195][-][-][warning][yii\debug\Module::checkAccess] Access to debugger is denied due to IP address restriction. The requesting IP address is 220.181.42.195
    in /www/yii2/views/layouts/main.php:70
    in /www/yii2/controllers/SiteController.php:87
2016-01-17 23:59:19 [220.181.42.195][-][-][info][application] $_GET = [
    'r' => 'site/contact'
]

$_COOKIE = [
    '_csrf' => '9b6950764736bfa1de8e1b5d61ead95672e91cedbaecb613dc5524ae6731d54ba:2:{i:0;s:5:\"_csrf\";i:1;s:32:\"urpiIFScduuolYDetwNgIgyTkB6KKW03\";}'
    'PHPSESSID' => '5bj3pniqikrohkejdued548b00'
]

$_SESSION = [
    '__flash' => []
    '__captcha/site/captcha' => 'vikeqom'
    '__captcha/site/captchacount' => 1
]

$_SERVER = [
    'USER' => 'www'
    'HOME' => '/home/www'
    'FCGI_ROLE' => 'RESPONDER'
    'SCRIPT_FILENAME' => '/www/yii2/web/index.php'
    'QUERY_STRING' => 'r=site%2Fcontact'
    'REQUEST_METHOD' => 'GET'
    'CONTENT_TYPE' => ''
    'CONTENT_LENGTH' => ''
    'SCRIPT_NAME' => '/index.php'
    'REQUEST_URI' => '/index.php?r=site%2Fcontact'
    'DOCUMENT_URI' => '/index.php'
    'DOCUMENT_ROOT' => '/www/yii2/web'
    'SERVER_PROTOCOL' => 'HTTP/1.1'
    'GATEWAY_INTERFACE' => 'CGI/1.1'
    'SERVER_SOFTWARE' => 'nginx/1.4.6'
    'REMOTE_ADDR' => '220.181.42.195'
    'REMOTE_PORT' => '62575'
    'SERVER_ADDR' => '182.92.66.199'
    'SERVER_PORT' => '80'
    'SERVER_NAME' => 'myyii'
    'REDIRECT_STATUS' => '200'
    'HTTP_HOST' => 'myyii'
    'HTTP_CONNECTION' => 'keep-alive'
    'HTTP_ACCEPT' => 'text/html,application/xhtml+xml,application/xml;q=0.9,image/webp,*/*;q=0.8'
    'HTTP_UPGRADE_INSECURE_REQUESTS' => '1'
    'HTTP_USER_AGENT' => 'Mozilla/5.0 (Windows NT 6.1; WOW64) AppleWebKit/537.36 (KHTML, like Gecko) Chrome/46.0.2490.86 Safari/537.36'
    'HTTP_REFERER' => 'http://myyii/index.php?r=site%2Fabout'
    'HTTP_ACCEPT_ENCODING' => 'gzip, deflate, sdch'
    'HTTP_ACCEPT_LANGUAGE' => 'zh-CN,zh;q=0.8'
    'HTTP_COOKIE' => '_csrf=9b6950764736bfa1de8e1b5d61ead95672e91cedbaecb613dc5524ae6731d54ba%3A2%3A%7Bi%3A0%3Bs%3A5%3A%22_csrf%22%3Bi%3A1%3Bs%3A32%3A%22urpiIFScduuolYDetwNgIgyTkB6KKW03%22%3B%7D; PHPSESSID=5bj3pniqikrohkejdued548b00'
    'PHP_SELF' => '/index.php'
    'REQUEST_TIME_FLOAT' => 1453075159.0654
    'REQUEST_TIME' => 1453075159
]
2016-01-17 23:59:21 [220.181.42.195][-][-][warning][yii\debug\Module::checkAccess] Access to debugger is denied due to IP address restriction. The requesting IP address is 220.181.42.195
    in /www/yii2/views/layouts/main.php:70
    in /www/yii2/controllers/SiteController.php:67
2016-01-17 23:59:21 [220.181.42.195][-][-][info][application] $_GET = [
    'r' => 'site/login'
]

$_COOKIE = [
    '_csrf' => '9b6950764736bfa1de8e1b5d61ead95672e91cedbaecb613dc5524ae6731d54ba:2:{i:0;s:5:\"_csrf\";i:1;s:32:\"urpiIFScduuolYDetwNgIgyTkB6KKW03\";}'
    'PHPSESSID' => '5bj3pniqikrohkejdued548b00'
]

$_SESSION = [
    '__flash' => []
    '__captcha/site/captcha' => 'vikeqom'
    '__captcha/site/captchacount' => 1
]

$_SERVER = [
    'USER' => 'www'
    'HOME' => '/home/www'
    'FCGI_ROLE' => 'RESPONDER'
    'SCRIPT_FILENAME' => '/www/yii2/web/index.php'
    'QUERY_STRING' => 'r=site%2Flogin'
    'REQUEST_METHOD' => 'GET'
    'CONTENT_TYPE' => ''
    'CONTENT_LENGTH' => ''
    'SCRIPT_NAME' => '/index.php'
    'REQUEST_URI' => '/index.php?r=site%2Flogin'
    'DOCUMENT_URI' => '/index.php'
    'DOCUMENT_ROOT' => '/www/yii2/web'
    'SERVER_PROTOCOL' => 'HTTP/1.1'
    'GATEWAY_INTERFACE' => 'CGI/1.1'
    'SERVER_SOFTWARE' => 'nginx/1.4.6'
    'REMOTE_ADDR' => '220.181.42.195'
    'REMOTE_PORT' => '62573'
    'SERVER_ADDR' => '182.92.66.199'
    'SERVER_PORT' => '80'
    'SERVER_NAME' => 'myyii'
    'REDIRECT_STATUS' => '200'
    'HTTP_HOST' => 'myyii'
    'HTTP_CONNECTION' => 'keep-alive'
    'HTTP_ACCEPT' => 'text/html,application/xhtml+xml,application/xml;q=0.9,image/webp,*/*;q=0.8'
    'HTTP_UPGRADE_INSECURE_REQUESTS' => '1'
    'HTTP_USER_AGENT' => 'Mozilla/5.0 (Windows NT 6.1; WOW64) AppleWebKit/537.36 (KHTML, like Gecko) Chrome/46.0.2490.86 Safari/537.36'
    'HTTP_REFERER' => 'http://myyii/index.php?r=site%2Fcontact'
    'HTTP_ACCEPT_ENCODING' => 'gzip, deflate, sdch'
    'HTTP_ACCEPT_LANGUAGE' => 'zh-CN,zh;q=0.8'
    'HTTP_COOKIE' => '_csrf=9b6950764736bfa1de8e1b5d61ead95672e91cedbaecb613dc5524ae6731d54ba%3A2%3A%7Bi%3A0%3Bs%3A5%3A%22_csrf%22%3Bi%3A1%3Bs%3A32%3A%22urpiIFScduuolYDetwNgIgyTkB6KKW03%22%3B%7D; PHPSESSID=5bj3pniqikrohkejdued548b00'
    'PHP_SELF' => '/index.php'
    'REQUEST_TIME_FLOAT' => 1453075161.8176
    'REQUEST_TIME' => 1453075161
]
2016-01-17 23:59:26 [220.181.42.195][-][-][warning][yii\debug\Module::checkAccess] Access to debugger is denied due to IP address restriction. The requesting IP address is 220.181.42.195
    in /www/yii2/views/layouts/main.php:70
    in /www/yii2/controllers/SiteController.php:92
2016-01-17 23:59:26 [220.181.42.195][-][-][info][application] $_GET = [
    'r' => 'site/about'
]

$_COOKIE = [
    '_csrf' => '9b6950764736bfa1de8e1b5d61ead95672e91cedbaecb613dc5524ae6731d54ba:2:{i:0;s:5:\"_csrf\";i:1;s:32:\"urpiIFScduuolYDetwNgIgyTkB6KKW03\";}'
    'PHPSESSID' => '5bj3pniqikrohkejdued548b00'
]

$_SESSION = [
    '__flash' => []
    '__captcha/site/captcha' => 'vikeqom'
    '__captcha/site/captchacount' => 1
]

$_SERVER = [
    'USER' => 'www'
    'HOME' => '/home/www'
    'FCGI_ROLE' => 'RESPONDER'
    'SCRIPT_FILENAME' => '/www/yii2/web/index.php'
    'QUERY_STRING' => 'r=site%2Fabout'
    'REQUEST_METHOD' => 'GET'
    'CONTENT_TYPE' => ''
    'CONTENT_LENGTH' => ''
    'SCRIPT_NAME' => '/index.php'
    'REQUEST_URI' => '/index.php?r=site%2Fabout'
    'DOCUMENT_URI' => '/index.php'
    'DOCUMENT_ROOT' => '/www/yii2/web'
    'SERVER_PROTOCOL' => 'HTTP/1.1'
    'GATEWAY_INTERFACE' => 'CGI/1.1'
    'SERVER_SOFTWARE' => 'nginx/1.4.6'
    'REMOTE_ADDR' => '220.181.42.195'
    'REMOTE_PORT' => '62573'
    'SERVER_ADDR' => '182.92.66.199'
    'SERVER_PORT' => '80'
    'SERVER_NAME' => 'myyii'
    'REDIRECT_STATUS' => '200'
    'HTTP_HOST' => 'myyii'
    'HTTP_CONNECTION' => 'keep-alive'
    'HTTP_ACCEPT' => 'text/html,application/xhtml+xml,application/xml;q=0.9,image/webp,*/*;q=0.8'
    'HTTP_UPGRADE_INSECURE_REQUESTS' => '1'
    'HTTP_USER_AGENT' => 'Mozilla/5.0 (Windows NT 6.1; WOW64) AppleWebKit/537.36 (KHTML, like Gecko) Chrome/46.0.2490.86 Safari/537.36'
    'HTTP_REFERER' => 'http://myyii/index.php?r=site%2Flogin'
    'HTTP_ACCEPT_ENCODING' => 'gzip, deflate, sdch'
    'HTTP_ACCEPT_LANGUAGE' => 'zh-CN,zh;q=0.8'
    'HTTP_COOKIE' => '_csrf=9b6950764736bfa1de8e1b5d61ead95672e91cedbaecb613dc5524ae6731d54ba%3A2%3A%7Bi%3A0%3Bs%3A5%3A%22_csrf%22%3Bi%3A1%3Bs%3A32%3A%22urpiIFScduuolYDetwNgIgyTkB6KKW03%22%3B%7D; PHPSESSID=5bj3pniqikrohkejdued548b00'
    'PHP_SELF' => '/index.php'
    'REQUEST_TIME_FLOAT' => 1453075166.6146
    'REQUEST_TIME' => 1453075166
]
2016-01-18 05:46:21 [220.181.42.236][-][-][warning][yii\debug\Module::checkAccess] Access to debugger is denied due to IP address restriction. The requesting IP address is 220.181.42.236
    in /www/yii2/views/layouts/main.php:70
    in /www/yii2/controllers/SiteController.php:52
2016-01-18 05:46:21 [220.181.42.236][-][-][info][application] $_SERVER = [
    'USER' => 'www'
    'HOME' => '/home/www'
    'FCGI_ROLE' => 'RESPONDER'
    'SCRIPT_FILENAME' => '/www/yii2/web/index.php'
    'QUERY_STRING' => ''
    'REQUEST_METHOD' => 'GET'
    'CONTENT_TYPE' => ''
    'CONTENT_LENGTH' => ''
    'SCRIPT_NAME' => '/index.php'
    'REQUEST_URI' => '/'
    'DOCUMENT_URI' => '/index.php'
    'DOCUMENT_ROOT' => '/www/yii2/web'
    'SERVER_PROTOCOL' => 'HTTP/1.1'
    'GATEWAY_INTERFACE' => 'CGI/1.1'
    'SERVER_SOFTWARE' => 'nginx/1.4.6'
    'REMOTE_ADDR' => '220.181.42.236'
    'REMOTE_PORT' => '63990'
    'SERVER_ADDR' => '182.92.66.199'
    'SERVER_PORT' => '80'
    'SERVER_NAME' => 'myyii'
    'REDIRECT_STATUS' => '200'
    'HTTP_HOST' => 'myyii'
    'HTTP_CONNECTION' => 'keep-alive'
    'HTTP_ACCEPT' => 'text/html,application/xhtml+xml,application/xml;q=0.9,image/webp,*/*;q=0.8'
    'HTTP_UPGRADE_INSECURE_REQUESTS' => '1'
    'HTTP_USER_AGENT' => 'Mozilla/5.0 (Windows NT 6.1; WOW64) AppleWebKit/537.36 (KHTML, like Gecko) Chrome/46.0.2490.86 Safari/537.36'
    'HTTP_ACCEPT_ENCODING' => 'gzip, deflate, sdch'
    'HTTP_ACCEPT_LANGUAGE' => 'zh-CN,zh;q=0.8'
    'PHP_SELF' => '/index.php'
    'REQUEST_TIME_FLOAT' => 1453095981.7685
    'REQUEST_TIME' => 1453095981
]
